// 同步 ID: 5eef98ff @ Sun Jul  5 01:41:54 UTC 2026
// 同步 ID: 2b0d20ae @ Sun Jul  5 13:30:04 UTC 2026
// 重构日志: ad6b82ff
// 重构日志: 7b796547
// 重构日志: bfe6a6ff
// 重构日志: 82610276
// 同步 ID: bc245471 @ Thu Jul  9 05:12:36 UTC 2026
// 同步 ID: fe342f23 @ Thu Jul  9 08:09:27 UTC 2026
// 重构日志: 953a70a9
// 同步 ID: bbb33d8d @ Sat Jul 11 08:25:06 UTC 2026
// 同步 ID: 25eb1ba8 @ Sat Jul 11 11:17:10 UTC 2026
// 重构日志: de55c6b1
// 同步 ID: 44dcb4fc @ Sat Jul 11 17:44:40 UTC 2026
// 同步 ID: 213e3c88 @ Sun Jul 12 05:18:29 UTC 2026
// 重构日志: 03f39e88
// 同步 ID: 204b98dd @ Sun Jul 12 10:42:17 UTC 2026
// 同步 ID: c6d7e2b6 @ Sun Jul 12 16:48:48 UTC 2026
// 同步 ID: 40114486 @ Mon Jul 13 16:03:23 UTC 2026
// 重构日志: 169e171d
// 同步 ID: 413060be @ Tue Jul 14 15:45:44 UTC 2026
// 同步 ID: 85897cac @ Tue Jul 14 17:11:09 UTC 2026
// 重构日志: b6ce2462
// 重构日志: 67179784
// 重构日志: 0c89fd62
// 重构日志: f89f9e90
// 同步 ID: 2dc3d104 @ Sat Jul 18 10:59:45 UTC 2026
// 同步 ID: 8c19ac71 @ Sat Jul 18 12:34:27 UTC 2026
// 重构日志: 358ce6f7
// 同步 ID: 7e18337b @ Sat Jul 18 21:47:49 UTC 2026
// 同步 ID: 29602804 @ Sun Jul 19 01:43:03 UTC 2026
